This is XeTeX, Version 3.14159265-2.6-0.999991 (TeX Live 2019) (preloaded format=xelatex 2019.5.8)  13 MAY 2020 19:53
entering extended mode
 restricted \write18 enabled.
 %&-line parsing enabled.
**docs/resume_tex/resume.xtx
(./docs/resume_tex/resume.xtx
LaTeX2e <2018-12-01>

! LaTeX Error: File `deedy-resume.cls' not found.

Type X to quit or <RETURN> to proceed,
or enter new name. (Default extension: cls)

Enter file name: 
! Emergency stop.
<read *> 
         
l.49 \usepackage
                {fancyhdr}^^M
End of file on the terminal!

 
Here is how much of TeX's memory you used:
 11 strings out of 492916
 167 string characters out of 6133346
 64431 words of memory out of 5000000
 4162 multiletter control sequences out of 15000+600000
 3640 words of font info for 14 fonts, out of 8000000 for 9000
 1348 hyphenation exceptions out of 8191
 10i,0n,8p,109b,8s stack positions out of 5000i,500n,10000p,200000b,80000s
No pages of output.
